<?xml version="1.0" encoding="UTF-8"?>
<!-- Generated by org.testng.reporters.JUnitXMLReporter -->
<testsuite hostname="VINVARMA-IN" name="Parallel-Calc" tests="3" failures="1" timestamp="15 Nov 2018 18:40:59 GMT" time="18.462" errors="0">
  <testcase name="testLogin" time="2.283" classname="com.oracle.hpcm.tests.EngineAutomationTestFixture"/>
  <testcase name="testLCMImportFileUpload" time="12.714" classname="com.oracle.hpcm.tests.EngineAutomationTestFixture"/>
  <testcase name="testLCMImport" time="3.375" classname="com.oracle.hpcm.tests.EngineAutomationTestFixture">
    <failure type="java.lang.AssertionError" message="LCM Import failed. Error: null
Processing...
Retrieving status...
EPMAT-1:Command failed to execute.

Details: 

----------------------------------------------------------
Source: /BksML30/HPCM-BksML30
Destination: BksML30
----------------------------------------------------------
14000: Error reported from HPCM.
Application not found.Application does not exist: BksML30. expected [true] but found [false]">
      <![CDATA[java.lang.AssertionError: LCM Import failed. Error: null
Processing...
Retrieving status...
EPMAT-1:Command failed to execute.

Details: 

----------------------------------------------------------
Source: /BksML30/HPCM-BksML30
Destination: BksML30
----------------------------------------------------------
14000: Error reported from HPCM.
Application not found.Application does not exist: BksML30. expected [true] but found [false]
	at com.oracle.hpcm.tests.EngineAutomationTestFixture.testLCMImport(EngineAutomationTestFixture.java:135)
... Removed 30 stack frames]]>
    </failure>
  </testcase> <!-- testLCMImport -->
</testsuite> <!-- Parallel-Calc -->
