<?xml version="1.0" encoding="UTF-8"?>
<!-- Generated by org.testng.reporters.JUnitXMLReporter -->
<testsuite hostname="VINVARMA-IN" name="ADC - Check PCMCSUSER Access" tests="1" failures="1" timestamp="9 Aug 2019 11:34:20 GMT" time="2.685" errors="0">
  <testcase name="checkReadAccess" time="2.625" classname="com.oracle.hpcm.tests.EngineAutomationTestFixture">
    <failure type="org.json.simple.parser.ParseException">
      <![CDATA[Unexpected character (<) at position 0.
	at org.json.simple.parser.Yylex.yylex(Yylex.java:610)
	at org.json.simple.parser.JSONParser.nextToken(JSONParser.java:269)
	at org.json.simple.parser.JSONParser.parse(JSONParser.java:118)
	at org.json.simple.parser.JSONParser.parse(JSONParser.java:81)
	at org.json.simple.parser.JSONParser.parse(JSONParser.java:75)
	at com.oracle.hpcm.utils.JSONResultParser.<init>(JSONResultParser.java:23)
	at com.oracle.hpcm.webservices.ml.MLRuleBalanceConsumer.getRuleBalancing(MLRuleBalanceConsumer.java:72)
	at com.oracle.hpcm.tests.EngineAutomationTestFixture.checkReadAccess(EngineAutomationTestFixture.java:328)
... Removed 27 stack frames]]>
    </failure>
  </testcase> <!-- checkReadAccess -->
</testsuite> <!-- ADC - Check PCMCSUSER Access -->
