<?xml version="1.0" encoding="UTF-8"?>
<!-- Generated by org.testng.reporters.JUnitXMLReporter -->
<testsuite hostname="VINVARMA-IN" name="Pre-setup with Admin user" tests="3" failures="0" timestamp="9 Aug 2019 11:53:42 GMT" time="240.072" errors="0">
  <testcase name="deleteExistingApp" time="15.573" classname="com.oracle.hpcm.tests.EngineAutomationTestFixture"/>
  <testcase name="login" time="3.369" classname="com.oracle.hpcm.tests.EngineAutomationTestFixture"/>
  <testcase name="lcmImport" time="221.034" classname="com.oracle.hpcm.tests.EngineAutomationTestFixture"/>
</testsuite> <!-- Pre-setup with Admin user -->
