<?xml version="1.0" encoding="UTF-8"?>
<testsuite name="TestSuite" time="253.471" tests="6" errors="0" skipped="0" failures="0">
  <properties>
[...]
</properties>
  <testcase name="deleteExistingApp" classname="com.oracle.hpcm.tests.EngineAutomationTestFixture" time="15.568"/>
  <testcase name="login" classname="com.oracle.hpcm.tests.EngineAutomationTestFixture" time="3.374"/>
  <testcase name="lcmImport" classname="com.oracle.hpcm.tests.EngineAutomationTestFixture" time="221.018"/>
  <testcase name="checkReadAccess" classname="com.oracle.hpcm.tests.EngineAutomationTestFixture" time="13.511"/>
  <testcase name="checkReadAccess" classname="com.oracle.hpcm.tests.EngineAutomationTestFixture" time="13.182"/>
  <testcase name="checkReadAccess" classname="com.oracle.hpcm.tests.EngineAutomationTestFixture" time="12.265"/>
</testsuite>