<?xml version="1.0" encoding="UTF-8"?>
<testng-results skipped="0" failed="1" total="3" passed="2">
  <reporter-output>
    <line>
      <![CDATA[------------EPMAutomate Version------------]]>
    </line>
    <line>
      <![CDATA[------------EPMAutomate Version------------]]>
    </line>
    <line>
      <![CDATA[OS : windows 10]]>
    </line>
    <line>
      <![CDATA[Executing cmd.exe /C epmautomate login epm_default_cloud_admin password1 http://slc13ncc.us.oracle.com:9000/epm/rest/v1]]>
    </line>
    <line>
      <![CDATA[Login successful]]>
    </line>
    <line>
      <![CDATA[]]>
    </line>
    <line>
      <![CDATA[Note: A new version of EPM Automate is available. You can use "upgrade" command to install.]]>
    </line>
    <line>
      <![CDATA[Return Value : 0]]>
    </line>
    <line>
      <![CDATA[OS : windows 10]]>
    </line>
    <line>
      <![CDATA[Executing cmd.exe /C epmautomate deletefile BksML30]]>
    </line>
    <line>
      <![CDATA[Processing...]]>
    </line>
    <line>
      <![CDATA[EPMAT-1:Resource does not exist : BksML30.]]>
    </line>
    <line>
      <![CDATA[Return Value : 1]]>
    </line>
    <line>
      <![CDATA[OS : windows 10]]>
    </line>
    <line>
      <![CDATA[Executing cmd.exe /C epmautomate uploadfile D:\TeamGIT_13622\pcmcs_qe\PCMCS_Express_Parallel_Calculation\.\models\snapshots\BksML30.zip]]>
    </line>
    <line>
      <![CDATA[Processing...]]>
    </line>
    <line>
      <![CDATA[]]>
    </line>
    <line>
      <![CDATA[95% completed]]>
    </line>
    <line>
      <![CDATA[100% completed]]>
    </line>
    <line>
      <![CDATA[uploadfile completed successfully]]>
    </line>
    <line>
      <![CDATA[Return Value : 0]]>
    </line>
    <line>
      <![CDATA[OS : windows 10]]>
    </line>
    <line>
      <![CDATA[Executing cmd.exe /C epmautomate importsnapshot BksML30]]>
    </line>
    <line>
      <![CDATA[Processing...]]>
    </line>
    <line>
      <![CDATA[Retrieving status...]]>
    </line>
    <line>
      <![CDATA[EPMAT-1:Command failed to execute.]]>
    </line>
    <line>
      <![CDATA[]]>
    </line>
    <line>
      <![CDATA[Details: ]]>
    </line>
    <line>
      <![CDATA[]]>
    </line>
    <line>
      <![CDATA[----------------------------------------------------------]]>
    </line>
    <line>
      <![CDATA[Source: /BksML30/HPCM-BksML30]]>
    </line>
    <line>
      <![CDATA[Destination: BksML30]]>
    </line>
    <line>
      <![CDATA[----------------------------------------------------------]]>
    </line>
    <line>
      <![CDATA[14000: Error reported from HPCM.]]>
    </line>
    <line>
      <![CDATA[Application not found.Application does not exist: BksML30.]]>
    </line>
    <line>
      <![CDATA[Return Value : 1]]>
    </line>
  </reporter-output>
  <suite name="ExpressCalculations-InParallel" duration-ms="18462" started-at="2018-11-15T18:40:41Z" finished-at="2018-11-15T18:40:59Z">
    <groups>
    </groups>
    <test name="Parallel-Calc" duration-ms="18462" started-at="2018-11-15T18:40:41Z" finished-at="2018-11-15T18:40:59Z">
      <class name="com.oracle.hpcm.tests.EngineAutomationTestFixture">
        <test-method status="PASS" signature="setUp(java.lang.String)[pri:0, instance:com.oracle.hpcm.tests.EngineAutomationTestFixture@71c7db30]" name="setUp" is-config="true" duration-ms="62" started-at="2018-11-16T00:10:41Z" finished-at="2018-11-16T00:10:41Z">
          <params>
            <param index="0">
              <value>
                <![CDATA[EPBML30]]>
              </value>
            </param>
          </params>
          <reporter-output>
          </reporter-output>
        </test-method> <!-- setUp -->
        <test-method status="PASS" signature="testLogin()[pri:1, instance:com.oracle.hpcm.tests.EngineAutomationTestFixture@71c7db30]" name="testLogin" duration-ms="2283" started-at="2018-11-16T00:10:41Z" finished-at="2018-11-16T00:10:43Z">
          <reporter-output>
            <line>
              <![CDATA[------------EPMAutomate Version------------]]>
            </line>
            <line>
              <![CDATA[------------EPMAutomate Version------------]]>
            </line>
            <line>
              <![CDATA[OS : windows 10]]>
            </line>
            <line>
              <![CDATA[Executing cmd.exe /C epmautomate login epm_default_cloud_admin password1 http://slc13ncc.us.oracle.com:9000/epm/rest/v1]]>
            </line>
            <line>
              <![CDATA[Login successful]]>
            </line>
            <line>
              <![CDATA[]]>
            </line>
            <line>
              <![CDATA[Note: A new version of EPM Automate is available. You can use "upgrade" command to install.]]>
            </line>
            <line>
              <![CDATA[Return Value : 0]]>
            </line>
          </reporter-output>
        </test-method> <!-- testLogin -->
        <test-method status="PASS" signature="afterMethod(org.testng.ITestResult)[pri:0, instance:com.oracle.hpcm.tests.EngineAutomationTestFixture@71c7db30]" name="afterMethod" is-config="true" duration-ms="1" started-at="2018-11-16T00:10:43Z" finished-at="2018-11-16T00:10:43Z">
          <params>
            <param index="0">
              <value>
                <![CDATA[[TestResult name=testLogin status=SUCCESS method=EngineAutomationTestFixture.testLogin()[pri:1, instance:com.oracle.hpcm.tests.EngineAutomationTestFixture@71c7db30] output=------------EPMAutomate Version------------]]]>
              </value>
            </param>
          </params>
          <reporter-output>
          </reporter-output>
        </test-method> <!-- afterMethod -->
        <test-method status="PASS" signature="testLCMImportFileUpload()[pri:2, instance:com.oracle.hpcm.tests.EngineAutomationTestFixture@71c7db30]" name="testLCMImportFileUpload" duration-ms="12714" started-at="2018-11-16T00:10:43Z" finished-at="2018-11-16T00:10:56Z">
          <reporter-output>
            <line>
              <![CDATA[OS : windows 10]]>
            </line>
            <line>
              <![CDATA[Executing cmd.exe /C epmautomate deletefile BksML30]]>
            </line>
            <line>
              <![CDATA[Processing...]]>
            </line>
            <line>
              <![CDATA[EPMAT-1:Resource does not exist : BksML30.]]>
            </line>
            <line>
              <![CDATA[Return Value : 1]]>
            </line>
            <line>
              <![CDATA[OS : windows 10]]>
            </line>
            <line>
              <![CDATA[Executing cmd.exe /C epmautomate uploadfile D:\TeamGIT_13622\pcmcs_qe\PCMCS_Express_Parallel_Calculation\.\models\snapshots\BksML30.zip]]>
            </line>
            <line>
              <![CDATA[Processing...]]>
            </line>
            <line>
              <![CDATA[]]>
            </line>
            <line>
              <![CDATA[95% completed]]>
            </line>
            <line>
              <![CDATA[100% completed]]>
            </line>
            <line>
              <![CDATA[uploadfile completed successfully]]>
            </line>
            <line>
              <![CDATA[Return Value : 0]]>
            </line>
          </reporter-output>
        </test-method> <!-- testLCMImportFileUpload -->
        <test-method status="PASS" signature="afterMethod(org.testng.ITestResult)[pri:0, instance:com.oracle.hpcm.tests.EngineAutomationTestFixture@71c7db30]" name="afterMethod" is-config="true" duration-ms="1" started-at="2018-11-16T00:10:56Z" finished-at="2018-11-16T00:10:56Z">
          <params>
            <param index="0">
              <value>
                <![CDATA[[TestResult name=testLCMImportFileUpload status=SUCCESS method=EngineAutomationTestFixture.testLCMImportFileUpload()[pri:2, instance:com.oracle.hpcm.tests.EngineAutomationTestFixture@71c7db30] output=OS : windows 10]]]>
              </value>
            </param>
          </params>
          <reporter-output>
          </reporter-output>
        </test-method> <!-- afterMethod -->
        <test-method status="FAIL" signature="testLCMImport()[pri:3, instance:com.oracle.hpcm.tests.EngineAutomationTestFixture@71c7db30]" name="testLCMImport" duration-ms="3375" started-at="2018-11-16T00:10:56Z" finished-at="2018-11-16T00:10:59Z">
          <exception class="java.lang.AssertionError">
            <message>
              <![CDATA[LCM Import failed. Error: null
Processing...
Retrieving status...
EPMAT-1:Command failed to execute.

Details: 

----------------------------------------------------------
Source: /BksML30/HPCM-BksML30
Destination: BksML30
----------------------------------------------------------
14000: Error reported from HPCM.
Application not found.Application does not exist: BksML30. expected [true] but found [false]]]>
            </message>
            <full-stacktrace>
              <![CDATA[java.lang.AssertionError: LCM Import failed. Error: null
Processing...
Retrieving status...
EPMAT-1:Command failed to execute.

Details: 

----------------------------------------------------------
Source: /BksML30/HPCM-BksML30
Destination: BksML30
----------------------------------------------------------
14000: Error reported from HPCM.
Application not found.Application does not exist: BksML30. expected [true] but found [false]
	at org.testng.Assert.fail(Assert.java:94)
	at org.testng.Assert.failNotEquals(Assert.java:513)
	at org.testng.Assert.assertTrue(Assert.java:42)
	at com.oracle.hpcm.tests.EngineAutomationTestFixture.testLCMImport(EngineAutomationTestFixture.java:135)
	at sun.reflect.NativeMethodAccessorImpl.invoke0(Native Method)
	at sun.reflect.NativeMethodAccessorImpl.invoke(NativeMethodAccessorImpl.java:62)
	at sun.reflect.DelegatingMethodAccessorImpl.invoke(DelegatingMethodAccessorImpl.java:43)
	at java.lang.reflect.Method.invoke(Method.java:498)
	at org.testng.internal.MethodInvocationHelper.invokeMethod(MethodInvocationHelper.java:86)
	at org.testng.internal.Invoker.invokeMethod(Invoker.java:643)
	at org.testng.internal.Invoker.invokeTestMethod(Invoker.java:820)
	at org.testng.internal.Invoker.invokeTestMethods(Invoker.java:1128)
	at org.testng.internal.TestMethodWorker.invokeTestMethods(TestMethodWorker.java:129)
	at org.testng.internal.TestMethodWorker.run(TestMethodWorker.java:112)
	at org.testng.TestRunner.privateRun(TestRunner.java:782)
	at org.testng.TestRunner.run(TestRunner.java:632)
	at org.testng.SuiteRunner.runTest(SuiteRunner.java:366)
	at org.testng.SuiteRunner.runSequentially(SuiteRunner.java:361)
	at org.testng.SuiteRunner.privateRun(SuiteRunner.java:319)
	at org.testng.SuiteRunner.run(SuiteRunner.java:268)
	at org.testng.SuiteRunnerWorker.runSuite(SuiteRunnerWorker.java:52)
	at org.testng.SuiteRunnerWorker.run(SuiteRunnerWorker.java:86)
	at org.testng.TestNG.runSuitesSequentially(TestNG.java:1244)
	at org.testng.TestNG.runSuitesLocally(TestNG.java:1169)
	at org.testng.TestNG.run(TestNG.java:1064)
	at org.apache.maven.surefire.testng.TestNGExecutor.run(TestNGExecutor.java:295)
	at org.apache.maven.surefire.testng.TestNGXmlTestSuite.execute(TestNGXmlTestSuite.java:84)
	at org.apache.maven.surefire.testng.TestNGProvider.invoke(TestNGProvider.java:90)
	at org.apache.maven.surefire.booter.ForkedBooter.invokeProviderInSameClassLoader(ForkedBooter.java:203)
	at org.apache.maven.surefire.booter.ForkedBooter.runSuitesInProcess(ForkedBooter.java:155)
	at org.apache.maven.surefire.booter.ForkedBooter.main(ForkedBooter.java:103)
]]>
            </full-stacktrace>
          </exception> <!-- java.lang.AssertionError -->
          <reporter-output>
            <line>
              <![CDATA[OS : windows 10]]>
            </line>
            <line>
              <![CDATA[Executing cmd.exe /C epmautomate importsnapshot BksML30]]>
            </line>
            <line>
              <![CDATA[Processing...]]>
            </line>
            <line>
              <![CDATA[Retrieving status...]]>
            </line>
            <line>
              <![CDATA[EPMAT-1:Command failed to execute.]]>
            </line>
            <line>
              <![CDATA[]]>
            </line>
            <line>
              <![CDATA[Details: ]]>
            </line>
            <line>
              <![CDATA[]]>
            </line>
            <line>
              <![CDATA[----------------------------------------------------------]]>
            </line>
            <line>
              <![CDATA[Source: /BksML30/HPCM-BksML30]]>
            </line>
            <line>
              <![CDATA[Destination: BksML30]]>
            </line>
            <line>
              <![CDATA[----------------------------------------------------------]]>
            </line>
            <line>
              <![CDATA[14000: Error reported from HPCM.]]>
            </line>
            <line>
              <![CDATA[Application not found.Application does not exist: BksML30.]]>
            </line>
            <line>
              <![CDATA[Return Value : 1]]>
            </line>
          </reporter-output>
        </test-method> <!-- testLCMImport -->
        <test-method status="PASS" signature="afterMethod(org.testng.ITestResult)[pri:0, instance:com.oracle.hpcm.tests.EngineAutomationTestFixture@71c7db30]" name="afterMethod" is-config="true" duration-ms="1" started-at="2018-11-16T00:10:59Z" finished-at="2018-11-16T00:10:59Z">
          <params>
            <param index="0">
              <value>
                <![CDATA[[TestResult name=testLCMImport status=FAILURE method=EngineAutomationTestFixture.testLCMImport()[pri:3, instance:com.oracle.hpcm.tests.EngineAutomationTestFixture@71c7db30] output=OS : windows 10]]]>
              </value>
            </param>
          </params>
          <reporter-output>
          </reporter-output>
        </test-method> <!-- afterMethod -->
      </class> <!-- com.oracle.hpcm.tests.EngineAutomationTestFixture -->
    </test> <!-- Parallel-Calc -->
  </suite> <!-- ExpressCalculations-InParallel -->
</testng-results>
