<?xml version="1.0" encoding="UTF-8"?>
<testsuite name="TestSuite" time="18.38" tests="3" errors="0" skipped="0" failures="1">
  <properties>
[...]
</properties>
  <testcase name="testLogin" classname="com.oracle.hpcm.tests.EngineAutomationTestFixture" time="2.284"/>
  <testcase name="testLCMImportFileUpload" classname="com.oracle.hpcm.tests.EngineAutomationTestFixture" time="12.714"/>
  <testcase name="testLCMImport" classname="com.oracle.hpcm.tests.EngineAutomationTestFixture" time="3.382">
    <failure message="LCM Import failed. Error: null&#10;Processing...&#10;Retrieving status...&#10;EPMAT-1:Command failed to execute.&#10;&#10;Details: &#10;&#10;----------------------------------------------------------&#10;Source: /BksML30/HPCM-BksML30&#10;Destination: BksML30&#10;----------------------------------------------------------&#10;14000: Error reported from HPCM.&#10;Application not found.Application does not exist: BksML30. expected [true] but found [false]" type="java.lang.AssertionError">java.lang.AssertionError: LCM Import failed. Error: null
Processing...
Retrieving status...
EPMAT-1:Command failed to execute.

Details: 

----------------------------------------------------------
Source: /BksML30/HPCM-BksML30
Destination: BksML30
----------------------------------------------------------
14000: Error reported from HPCM.
Application not found.Application does not exist: BksML30. expected [true] but found [false]
	at org.testng.Assert.fail(Assert.java:94)
	at org.testng.Assert.failNotEquals(Assert.java:513)
	at org.testng.Assert.assertTrue(Assert.java:42)
	at com.oracle.hpcm.tests.EngineAutomationTestFixture.testLCMImport(EngineAutomationTestFixture.java:135)
</failure>
    <system-out><![CDATA[Executing cmd.exe /C epmautomate importsnapshot BksML30
Processing...
Retrieving status...
EPMAT-1:Command failed to execute.

Details: 

----------------------------------------------------------
Source: /BksML30/HPCM-BksML30
Destination: BksML30
----------------------------------------------------------
14000: Error reported from HPCM.
Application not found.Application does not exist: BksML30.
Return Value : 1
]]></system-out>
    <system-err><![CDATA[Nov 16, 2018 12:10:56 AM com.oracle.hpcm.tests.EngineAutomationTestFixture afterMethod
INFO: Test case testLCMImportFileUpload is a pass.
]]></system-err>
  </testcase>
</testsuite>